[02:52:59] [ServerMain/INFO]: Environment: authHost='https://authserver.mojang.com', accountsHost='https://api.mojang.com', sessionHost='https://sessionserver.mojang.com', servicesHost='https://api.minecraftservices.com', name='PROD'
[02:53:01] [ServerMain/INFO]: Loaded 7 recipes
[02:53:01] [ServerMain/INFO]: Loaded 1271 advancements
[02:53:01] [Server thread/INFO]: Starting minecraft server version 1.20.1
[02:53:01] [Server thread/INFO]: Loading properties
[02:53:01] [Server thread/INFO]: Default game type: SURVIVAL
[02:53:01] [Server thread/INFO]: Generating keypair
[02:53:02] [Server thread/INFO]: Starting Minecraft server on *:25565
[02:53:02] [Server thread/INFO]: Using epoll channel type
[02:53:02] [Server thread/WARN]: **** SERVER IS RUNNING IN OFFLINE/INSECURE MODE!
[02:53:02] [Server thread/WARN]: The server will make no attempt to authenticate usernames. Beware.
[02:53:02] [Server thread/WARN]: While this makes the game possible to play without internet access, it also opens up the ability for hackers to connect with any username they choose.
[02:53:02] [Server thread/WARN]: To change this, set "online-mode" to "true" in the server.properties file.
[02:53:02] [Server thread/INFO]: Preparing level "world"
[02:53:05] [Server thread/INFO]: Preparing start region for dimension minecraft:overworld
[02:53:09] [Worker-Main-1/INFO]: Preparing spawn area: 0%
[02:53:09] [Worker-Main-1/INFO]: Preparing spawn area: 0%
[02:53:09] [Worker-Main-3/INFO]: Preparing spawn area: 0%
[02:53:09] [Worker-Main-2/INFO]: Preparing spawn area: 0%
[02:53:09] [Worker-Main-1/INFO]: Preparing spawn area: 0%
[02:53:09] [Worker-Main-3/INFO]: Preparing spawn area: 0%
[02:53:09] [Worker-Main-3/INFO]: Preparing spawn area: 0%
[02:53:09] [Worker-Main-3/INFO]: Preparing spawn area: 0%
[02:53:09] [Worker-Main-2/INFO]: Preparing spawn area: 0%
[02:53:10] [Worker-Main-2/INFO]: Preparing spawn area: 0%
[02:53:10] [Worker-Main-3/INFO]: Preparing spawn area: 0%
[02:53:11] [Worker-Main-2/INFO]: Preparing spawn area: 1%
[02:53:11] [Worker-Main-1/INFO]: Preparing spawn area: 60%
[02:53:11] [Server thread/INFO]: Time elapsed: 6232 ms
[02:53:11] [Server thread/INFO]: Done (9.642s)! For help, type "help"
[02:53:11] [Server thread/INFO]: com.mojang.authlib.GameProfile@41cd0cbb[id=<null>,name=RaY0s,properties={},legacy=false] (/100.104.176.106:64970) lost connection: Disconnected
[02:53:11] [Server thread/INFO]: Jonnhyowoxdd[/100.73.253.44:55653] logged in with entity id 21 at (-58.100269736174184, 65.7531999805212, 147.24660273425616)
[02:53:11] [Server thread/INFO]: Jonnhyowoxdd joined the game
[02:53:12] [Server thread/INFO]: AntuaHXx[/100.113.66.57:60297] logged in with entity id 22 at (214.4084566071744, 83.0, 3005.6860043067772)
[02:53:12] [Server thread/INFO]: AntuaHXx joined the game
[02:53:12] [Server thread/INFO]: RaY0s[/100.104.176.106:64973] logged in with entity id 23 at (28.15711834476673, 54.0, 207.6903883313009)
[02:53:12] [Server thread/INFO]: RaY0s joined the game
[02:53:17] [Server thread/WARN]: Can't keep up! Is the server overloaded? Running 5397ms or 107 ticks behind
[02:53:17] [Server thread/INFO]: iMapaxeSF[/100.115.243.14:59470] logged in with entity id 29 at (-58.499407645796076, 65.0, 155.7357448253472)
[02:53:17] [Server thread/INFO]: iMapaxeSF joined the game
[02:53:18] [Server thread/INFO]: AXELWILDER[/100.97.131.23:58330] logged in with entity id 108 at (232.08281364951236, 86.0, 3010.896362449773)
[02:53:18] [Server thread/INFO]: AXELWILDER joined the game
[02:53:20] [Server thread/INFO]: Emmabyss[/100.106.16.71:54882] logged in with entity id 230 at (-58.50652265363758, 66.16610926093821, 139.2030252662449)
[02:53:20] [Server thread/INFO]: Emmabyss joined the game
[02:53:27] [Server thread/INFO]: AXELWILDER has made the advancement [Monster Hunter]
[02:54:48] [Server thread/INFO]: Tomas23y8[/100.121.252.53:62771] logged in with entity id 986 at (220.60710898549257, -26.799999952316284, 400.30000001192093)
[02:54:48] [Server thread/INFO]: Tomas23y8 joined the game
[02:55:36] [Server thread/INFO]: Emmabyss tried to swim in lava to escape iMapaxeSF
[02:56:09] [Server thread/INFO]: [Not Secure] <AXELWILDER> que paso
[02:58:04] [Server thread/INFO]: AntuaHXx has made the advancement [Acquire Hardware]
[02:58:25] [Server thread/INFO]: Tomas23y8 has made the advancement [Hot Stuff]
[03:02:44] [Server thread/INFO]: Tomas23y8 has made the advancement [Cover Me with Diamonds]
[03:05:14] [Server thread/INFO]: AntuaHXx has made the advancement [What a Deal!]
[03:05:28] [Server thread/INFO]: Emmabyss hit the ground too hard
[03:05:56] [Server thread/INFO]: [iMapaxeSF: Teleported RaY0s to AntuaHXx]
[03:06:06] [Server thread/INFO]: AntuaHXx has made the advancement [Isn't It Iron Pick]
[03:06:08] [Server thread/INFO]: AntuaHXx has made the advancement [Hot Stuff]
[03:06:21] [Server thread/INFO]: RaY0s lost connection: Disconnected
[03:06:21] [Server thread/INFO]: RaY0s left the game
[03:06:41] [Server thread/INFO]: Tomas23y8 has made the advancement [Sweet Dreams]
[03:06:45] [Server thread/INFO]: AntuaHXx has made the advancement [Ice Bucket Challenge]
[03:06:49] [Server thread/INFO]: AXELWILDER lost connection: Disconnected
[03:06:49] [Server thread/INFO]: AXELWILDER left the game
[03:06:49] [Server thread/WARN]: handleDisconnection() called twice
[03:07:27] [Server thread/INFO]: AntuaHXx has made the advancement [Sweet Dreams]
[03:08:35] [Server thread/INFO]: AntuaHXx lost connection: Disconnected
[03:08:35] [Server thread/INFO]: AntuaHXx left the game
[03:09:08] [Server thread/INFO]: Tomas23y8 has made the advancement [We Need to Go Deeper]
[03:09:35] [Server thread/INFO]: [Not Secure] <Emmabyss> vamos por tu culo tomas
[03:10:14] [Server thread/INFO]: Tomas23y8 has made the advancement [A Terrible Fortress]
[03:11:37] [Server thread/INFO]: Luctiha[/100.108.11.48:50362] logged in with entity id 13732 at (3.5, 101.0, -4.5)
[03:11:37] [Server thread/INFO]: Luctiha joined the game
[03:13:01] [Server thread/INFO]: Tomas23y8 has made the advancement [Not Today, Thank You]
[03:13:33] [Server thread/INFO]: Jonnhyowoxdd has completed the challenge [Hot Tourist Destinations]
[03:13:44] [Server thread/INFO]: Luctiha was shot by Skeleton
[03:14:44] [Server thread/INFO]: Luctiha has made the advancement [Monster Hunter]
[03:16:14] [Server thread/INFO]: Luctiha hit the ground too hard
[03:16:25] [Server thread/WARN]: Mismatch in destroy block pos: gu{x=0, y=0, z=0} gu{x=-11, y=110, z=-1}
[03:16:31] [Server thread/INFO]: Tomas23y8 has made the advancement [Monster Hunter]
[03:16:33] [Server thread/WARN]: Mismatch in destroy block pos: gu{x=0, y=0, z=0} gu{x=-15, y=109, z=-1}
[03:16:34] [Server thread/WARN]: Mismatch in destroy block pos: gu{x=0, y=0, z=0} gu{x=-16, y=108, z=-1}
[03:16:34] [Server thread/WARN]: Mismatch in destroy block pos: gu{x=0, y=0, z=0} gu{x=-16, y=109, z=-1}
[03:16:36] [Server thread/WARN]: Mismatch in destroy block pos: gu{x=0, y=0, z=0} gu{x=-16, y=109, z=-1}
[03:16:41] [Server thread/WARN]: Mismatch in destroy block pos: gu{x=0, y=0, z=0} gu{x=-16, y=109, z=-1}
[03:16:42] [Server thread/WARN]: Mismatch in destroy block pos: gu{x=0, y=0, z=0} gu{x=-16, y=108, z=-1}
[03:16:42] [Server thread/WARN]: Mismatch in destroy block pos: gu{x=0, y=0, z=0} gu{x=-16, y=109, z=-1}
[03:16:43] [Server thread/WARN]: Mismatch in destroy block pos: gu{x=0, y=0, z=0} gu{x=-16, y=108, z=-1}
[03:16:45] [Server thread/WARN]: Mismatch in destroy block pos: gu{x=0, y=0, z=0} gu{x=-16, y=108, z=-1}
[03:16:45] [Server thread/WARN]: Mismatch in destroy block pos: gu{x=0, y=0, z=0} gu{x=-16, y=109, z=-1}
[03:16:46] [Server thread/WARN]: Mismatch in destroy block pos: gu{x=0, y=0, z=0} gu{x=-16, y=108, z=-1}
[03:16:47] [Server thread/WARN]: Mismatch in destroy block pos: gu{x=0, y=0, z=0} gu{x=-15, y=109, z=-1}
[03:16:47] [Server thread/WARN]: Mismatch in destroy block pos: gu{x=0, y=0, z=0} gu{x=-15, y=108, z=-1}
[03:16:47] [Server thread/WARN]: Mismatch in destroy block pos: gu{x=0, y=0, z=0} gu{x=-15, y=109, z=-1}
[03:16:51] [Server thread/WARN]: Mismatch in destroy block pos: gu{x=0, y=0, z=0} gu{x=-15, y=109, z=-1}
[03:16:55] [Server thread/INFO]: [Not Secure] <iMapaxeSF> tomas johan es tu equipo ahi te va el masiso tp
[03:16:55] [Server thread/WARN]: Mismatch in destroy block pos: gu{x=0, y=0, z=0} gu{x=-15, y=108, z=-1}
[03:17:05] [Server thread/INFO]: Luctiha has made the advancement [We Need to Go Deeper]
[03:17:05] [Server thread/INFO]: [iMapaxeSF: Teleported Luctiha to Tomas23y8]
[03:17:05] [Server thread/INFO]: Tomas23y8 has made the advancement [Into Fire]
[03:17:06] [Server thread/INFO]: Luctiha has made the advancement [A Terrible Fortress]
[03:17:27] [Server thread/INFO]: [Not Secure] <Luctiha> hola xd
[03:17:41] [Server thread/INFO]: [Not Secure] <Tomas23y8> ?
[03:17:46] [Server thread/INFO]: [Not Secure] <Luctiha> soy johann xd
[03:17:57] [Server thread/INFO]: [Not Secure] <Tomas23y8> no eres con vargar
[03:18:17] [Server thread/INFO]: [Not Secure] <Luctiha> ni idea
[03:18:24] [Server thread/INFO]: Luctiha lost connection: Disconnected
[03:18:24] [Server thread/INFO]: Luctiha left the game
[03:19:50] [Server thread/INFO]: iMapaxeSF has completed the challenge [Hot Tourist Destinations]
[03:22:26] [Server thread/INFO]: [iMapaxeSF: Gave 1 [Ender Pearl] to iMapaxeSF]
[03:23:17] [Server thread/INFO]: [iMapaxeSF: Gave 1 [Ender Pearl] to iMapaxeSF]
[03:24:16] [Server thread/INFO]: [iMapaxeSF: Gave 1 [Ender Pearl] to iMapaxeSF]
[03:24:41] [Server thread/INFO]: [iMapaxeSF: Gave 1 [Ender Pearl] to iMapaxeSF]
[03:25:08] [Server thread/INFO]: [iMapaxeSF: Set own game mode to Creative Mode]
[03:25:19] [Server thread/INFO]: iMapaxeSF has made the advancement [Ice Bucket Challenge]
[03:25:25] [Server thread/INFO]: [iMapaxeSF: Set own game mode to Survival Mode]
[03:27:27] [Server thread/INFO]: iMapaxeSF has made the advancement [Oh Shiny]
[03:27:44] [Server thread/INFO]: Jonnhyowoxdd was slain by Enderman
[03:28:09] [Server thread/WARN]: Mismatch in destroy block pos: gu{x=0, y=0, z=0} gu{x=-9, y=110, z=-9}
[03:28:09] [Server thread/WARN]: Mismatch in destroy block pos: gu{x=0, y=0, z=0} gu{x=-9, y=109, z=-9}
[03:28:09] [Server thread/WARN]: Mismatch in destroy block pos: gu{x=0, y=0, z=0} gu{x=-9, y=109, z=-8}
[03:28:09] [Server thread/WARN]: Mismatch in destroy block pos: gu{x=0, y=0, z=0} gu{x=-9, y=110, z=-8}
[03:28:10] [Server thread/WARN]: Mismatch in destroy block pos: gu{x=0, y=0, z=0} gu{x=-9, y=109, z=-8}
[03:28:10] [Server thread/WARN]: Mismatch in destroy block pos: gu{x=0, y=0, z=0} gu{x=-9, y=110, z=-8}
[03:28:11] [Server thread/WARN]: Mismatch in destroy block pos: gu{x=0, y=0, z=0} gu{x=-9, y=109, z=-7}
[03:28:15] [Server thread/WARN]: Mismatch in destroy block pos: gu{x=0, y=0, z=0} gu{x=-9, y=109, z=-7}
[03:28:19] [Server thread/WARN]: Mismatch in destroy block pos: gu{x=0, y=0, z=0} gu{x=-9, y=110, z=-6}
[03:28:19] [Server thread/WARN]: Mismatch in destroy block pos: gu{x=0, y=0, z=0} gu{x=-9, y=109, z=-6}
[03:28:20] [Server thread/WARN]: Mismatch in destroy block pos: gu{x=0, y=0, z=0} gu{x=-9, y=110, z=-6}
[03:28:20] [Server thread/WARN]: Mismatch in destroy block pos: gu{x=0, y=0, z=0} gu{x=-9, y=109, z=-6}
[03:28:20] [Server thread/WARN]: Mismatch in destroy block pos: gu{x=0, y=0, z=0} gu{x=-9, y=110, z=-6}
[03:28:21] [Server thread/WARN]: Mismatch in destroy block pos: gu{x=0, y=0, z=0} gu{x=-9, y=109, z=-6}
[03:28:21] [Server thread/WARN]: Mismatch in destroy block pos: gu{x=0, y=0, z=0} gu{x=-9, y=110, z=-6}
[03:28:39] [Server thread/WARN]: Mismatch in destroy block pos: gu{x=0, y=0, z=0} gu{x=-9, y=110, z=-6}
[03:28:39] [Server thread/WARN]: Mismatch in destroy block pos: gu{x=0, y=0, z=0} gu{x=-9, y=109, z=-6}
[03:28:39] [Server thread/WARN]: Mismatch in destroy block pos: gu{x=0, y=0, z=0} gu{x=-9, y=110, z=-6}
[03:28:48] [Server thread/INFO]: Jonnhyowoxdd froze to death
[03:30:34] [Server thread/INFO]: Emmabyss has made the advancement [Diamonds!]
[03:31:05] [Server thread/INFO]: Jonnhyowoxdd froze to death
[03:32:26] [Server thread/INFO]: iMapaxeSF has completed the challenge [Subspace Bubble]
[03:32:26] [Server thread/WARN]: Jonnhyowoxdd moved too quickly! -1.5750490040890668,-4.452593940515712,-8.960852804950804
[03:32:26] [Server thread/WARN]: Can't keep up! Is the server overloaded? Running 2726ms or 54 ticks behind
[03:39:58] [Server thread/INFO]: [Not Secure] <Tomas23y8> vargas mi kit
[03:40:04] [Server thread/INFO]: [Not Secure] <Tomas23y8> :v
[03:40:06] [Server thread/INFO]: [Not Secure] <iMapaxeSF> no es en este server xd
[03:41:11] [Server thread/INFO]: Tomas23y8 was burnt to a crisp whilst fighting Blaze
[03:41:17] [Server thread/INFO]: [Not Secure] <iMapaxeSF> uy
[03:47:26] [Server thread/INFO]: Tomas23y8 has made the advancement [Hidden in the Depths]
[03:48:43] [Server thread/INFO]: [iMapaxeSF: Set own game mode to Spectator Mode]
[03:48:44] [Server thread/WARN]: Tomas23y8 moved wrongly!
[03:48:52] [Server thread/INFO]: iMapaxeSF has made the advancement [Eye Spy]
[03:48:56] [Server thread/INFO]: [iMapaxeSF: Set own game mode to Survival Mode]
[03:51:26] [Server thread/INFO]: [iMapaxeSF: Set own game mode to Spectator Mode]
[03:51:51] [Server thread/INFO]: [iMapaxeSF: Set own game mode to Survival Mode]
[03:52:40] [Server thread/INFO]: [iMapaxeSF: Teleported Jonnhyowoxdd to iMapaxeSF]
[03:52:40] [Server thread/INFO]: Jonnhyowoxdd has made the advancement [Eye Spy]
